<?xml version="1.0" encoding="UTF-8"?>
<robot generator="Robot 6.0.2 (Python 3.11.1 on win32)" generated="20230215 16:50:14.686" rpa="false" schemaversion="3">
<suite id="s1" name="CHECK24 VW Golf" source="C:\Users\ffadel\PycharmProjects\Check24\TestCases\CHECK24_VW_Golf.robot">
<test id="s1-t1" name="Überprüfen der grundlegende Suchfunktion für Check25/KFZ" line="24">
<kw name="Open Browser &amp; Maximize" library="Browser_Open&amp;Close" type="SETUP">
<kw name="Set Selenium Implicit Wait" library="SeleniumLibrary">
<arg>5seconds</arg>
<doc>Sets the implicit wait value used by Selenium.</doc>
<status status="PASS" starttime="20230215 16:50:14.860" endtime="20230215 16:50:14.861"/>
</kw>
<kw name="Open Browser" library="SeleniumLibrary">
<arg>${URL}</arg>
<arg>Chrome</arg>
<doc>Opens a new browser instance to the optional ``url``.</doc>
<msg timestamp="20230215 16:50:14.861" level="INFO">Opening browser 'Chrome' to base url 'https://www.check24.de/kfz-versicherung/'.</msg>
<status status="PASS" starttime="20230215 16:50:14.861" endtime="20230215 16:50:19.084"/>
</kw>
<kw name="Maximize Browser Window" library="SeleniumLibrary">
<doc>Maximizes current browser window.</doc>
<status status="PASS" starttime="20230215 16:50:19.084" endtime="20230215 16:50:19.205"/>
</kw>
<status status="PASS" starttime="20230215 16:50:14.860" endtime="20230215 16:50:19.205"/>
</kw>
<kw name="Start TestCase" library="StartPage">
<kw name="Set Selenium Speed" library="SeleniumLibrary">
<arg>0.25 seconds</arg>
<doc>Sets the delay that is waited after each Selenium command.</doc>
<status status="PASS" starttime="20230215 16:50:19.206" endtime="20230215 16:50:19.206"/>
</kw>
<kw name="Click Element" library="SeleniumLibrary">
<arg>${startPage_Akzeptieren}</arg>
<doc>Click the element identified by ``locator``.</doc>
<msg timestamp="20230215 16:50:19.207" level="INFO">Clicking element 'xpath://*[text()="Akzeptieren"]'.</msg>
<status status="PASS" starttime="20230215 16:50:19.206" endtime="20230215 16:50:19.807"/>
</kw>
<kw name="Title Should Be" library="SeleniumLibrary">
<arg>KFZ Versicherung Vergleich [2023] 78% günstiger - CHECK24</arg>
<doc>Verifies that the current page title equals ``title``.</doc>
<msg timestamp="20230215 16:50:20.067" level="INFO">Page title is 'KFZ Versicherung Vergleich [2023] 78% günstiger - CHECK24'.</msg>
<status status="PASS" starttime="20230215 16:50:19.807" endtime="20230215 16:50:20.067"/>
</kw>
<kw name="Page Should Contain" library="SeleniumLibrary">
<arg>Deutschlands bester Vergleich</arg>
<doc>Verifies that current page contains ``text``.</doc>
<msg timestamp="20230215 16:50:20.600" level="INFO">Current page contains text 'Deutschlands bester Vergleich'.</msg>
<status status="PASS" starttime="20230215 16:50:20.067" endtime="20230215 16:50:20.600"/>
</kw>
<kw name="Click Element" library="SeleniumLibrary">
<arg>${startPage_Tarifvergleichen }</arg>
<doc>Click the element identified by ``locator``.</doc>
<msg timestamp="20230215 16:50:20.602" level="INFO">Clicking element 'xpath://button[@type="submit"][contains(text(),"Tarife vergleichen")]'.</msg>
<status status="PASS" starttime="20230215 16:50:20.601" endtime="20230215 16:50:21.902"/>
</kw>
<status status="PASS" starttime="20230215 16:50:19.206" endtime="20230215 16:50:21.902"/>
</kw>
<kw name="Neu angeschafftes Auto auswählen" library="SituationPage">
<kw name="Click Element" library="SeleniumLibrary">
<arg>${situationPage_neuesAngeschafftesAuto}</arg>
<doc>Click the element identified by ``locator``.</doc>
<msg timestamp="20230215 16:50:21.904" level="INFO">Clicking element 'xpath://*[@data-c24-test="opb-berechnungsgrund-fahrzeugwechsel"]//*[text()="Neu angeschafftes Auto"]'.</msg>
<status status="PASS" starttime="20230215 16:50:21.904" endtime="20230215 16:50:22.448"/>
</kw>
<kw name="Click Element" library="SeleniumLibrary">
<arg>${weiterButton}</arg>
<doc>Click the element identified by ``locator``.</doc>
<msg timestamp="20230215 16:50:22.448" level="INFO">Clicking element 'xpath://button[contains(text(),"weiter")]'.</msg>
<status status="PASS" starttime="20230215 16:50:22.448" endtime="20230215 16:50:23.002"/>
</kw>
<kw name="Click Element" library="SeleniumLibrary">
<arg>${autoPage_fahrzeugscheinButton}</arg>
<doc>Click the element identified by ``locator``.</doc>
<msg timestamp="20230215 16:50:23.002" level="INFO">Clicking element 'xpath://*[@data-c24-test="vehicle-search-hsn-tsn"]'.</msg>
<status status="PASS" starttime="20230215 16:50:23.002" endtime="20230215 16:50:23.637"/>
</kw>
<status status="PASS" starttime="20230215 16:50:21.903" endtime="20230215 16:50:23.637"/>
</kw>
<kw name="weiter-Button click" library="SituationPage">
<kw name="Press Keys" library="SeleniumLibrary">
<arg>${weiterButton}</arg>
<arg>[RETURN]</arg>
<doc>Simulates the user pressing key(s) to an element or on the active browser.</doc>
<msg timestamp="20230215 16:50:23.638" level="INFO">Sending key(s) ('[RETURN]',) to xpath://button[contains(text(),"weiter")] element.</msg>
<msg timestamp="20230215 16:50:24.458" level="INFO">Sending keys [RETURN]</msg>
<status status="PASS" starttime="20230215 16:50:23.638" endtime="20230215 16:50:24.727"/>
</kw>
<status status="PASS" starttime="20230215 16:50:23.637" endtime="20230215 16:50:24.727"/>
</kw>
<kw name="Radio Button Fahrzeugschein auswählen" library="AutoPage">
<kw name="Click Element" library="SeleniumLibrary">
<arg>${autoPage_fahrzeugscheinButton}</arg>
<doc>Click the element identified by ``locator``.</doc>
<msg timestamp="20230215 16:50:24.730" level="INFO">Clicking element 'xpath://*[@data-c24-test="vehicle-search-hsn-tsn"]'.</msg>
<status status="PASS" starttime="20230215 16:50:24.729" endtime="20230215 16:50:25.294"/>
</kw>
<status status="PASS" starttime="20230215 16:50:24.728" endtime="20230215 16:50:25.295"/>
</kw>
<kw name="HSN &amp; TSN mit Daten ausfühllen" library="AutoPage">
<kw name="Element Should Be Visible" library="SeleniumLibrary">
<arg>${autoPage_hsn}</arg>
<doc>Verifies that the element identified by ``locator`` is visible.</doc>
<msg timestamp="20230215 16:50:25.845" level="INFO">Element 'xpath://*[@data-c24-test="hsn"]' is displayed.</msg>
<status status="PASS" starttime="20230215 16:50:25.298" endtime="20230215 16:50:25.845"/>
</kw>
<kw name="Page Should Contain" library="SeleniumLibrary">
<arg>Fahrzeugauswahl</arg>
<doc>Verifies that current page contains ``text``.</doc>
<msg timestamp="20230215 16:50:26.363" level="INFO">Current page contains text 'Fahrzeugauswahl'.</msg>
<status status="PASS" starttime="20230215 16:50:25.845" endtime="20230215 16:50:26.363"/>
</kw>
<kw name="Input Text" library="SeleniumLibrary">
<arg>${autoPage_hsn}</arg>
<arg>${autoPage.hsn}</arg>
<doc>Types the given ``text`` into the text field identified by ``locator``.</doc>
<msg timestamp="20230215 16:50:26.364" level="INFO">Typing text '0603' into text field 'xpath://*[@data-c24-test="hsn"]'.</msg>
<status status="PASS" starttime="20230215 16:50:26.363" endtime="20230215 16:50:27.235"/>
</kw>
<kw name="Input Text" library="SeleniumLibrary">
<arg>${autoPage_tsn}</arg>
<arg>${autoPage.tsn}</arg>
<doc>Types the given ``text`` into the text field identified by ``locator``.</doc>
<msg timestamp="20230215 16:50:27.236" level="INFO">Typing text 'CBL' into text field 'xpath://*[@data-c24-test="tsn"]'.</msg>
<status status="PASS" starttime="20230215 16:50:27.235" endtime="20230215 16:50:28.065"/>
</kw>
<status status="PASS" starttime="20230215 16:50:25.297" endtime="20230215 16:50:28.065"/>
</kw>
<kw name="Assertion: das gewünschte Auto wurde gefunden" library="AutoPage">
<kw name="Page Should Contain" library="SeleniumLibrary">
<arg>VW Golf VII 1.0 TSI</arg>
<doc>Verifies that current page contains ``text``.</doc>
<msg timestamp="20230215 16:50:28.633" level="INFO">Current page contains text 'VW Golf VII 1.0 TSI'.</msg>
<status status="PASS" starttime="20230215 16:50:28.066" endtime="20230215 16:50:28.633"/>
</kw>
<status status="PASS" starttime="20230215 16:50:28.065" endtime="20230215 16:50:28.633"/>
</kw>
<kw name="Erstzulassung des Auto" library="AutoPage">
<kw name="Input Text" library="SeleniumLibrary">
<arg>${autoPage_erstzulassung}</arg>
<arg>${autoPage.erstzulassung}</arg>
<doc>Types the given ``text`` into the text field identified by ``locator``.</doc>
<msg timestamp="20230215 16:50:28.636" level="INFO">Typing text '13.03.2017' into text field 'xpath://input[@name="erstzulassung"]'.</msg>
<status status="PASS" starttime="20230215 16:50:28.634" endtime="20230215 16:50:29.555"/>
</kw>
<status status="PASS" starttime="20230215 16:50:28.634" endtime="20230215 16:50:29.555"/>
</kw>
<kw name="Ungefährer Nerwert des Autos" library="AutoPage">
<kw name="Input Text" library="SeleniumLibrary">
<arg>${autoPage_neuwert}</arg>
<arg>${autoPage.neuwert}</arg>
<doc>Types the given ``text`` into the text field identified by ``locator``.</doc>
<msg timestamp="20230215 16:50:29.560" level="INFO">Typing text '15000' into text field 'xpath://input[@data-c24-test="neuwert"][@name="neuwert"]'.</msg>
<status status="PASS" starttime="20230215 16:50:29.557" endtime="20230215 16:50:30.490"/>
</kw>
<status status="PASS" starttime="20230215 16:50:29.557" endtime="20230215 16:50:30.490"/>
</kw>
<kw name="weiter-Button click" library="SituationPage">
<kw name="Press Keys" library="SeleniumLibrary">
<arg>${weiterButton}</arg>
<arg>[RETURN]</arg>
<doc>Simulates the user pressing key(s) to an element or on the active browser.</doc>
<msg timestamp="20230215 16:50:30.493" level="INFO">Sending key(s) ('[RETURN]',) to xpath://button[contains(text(),"weiter")] element.</msg>
<msg timestamp="20230215 16:50:31.307" level="INFO">Sending keys [RETURN]</msg>
<status status="PASS" starttime="20230215 16:50:30.492" endtime="20230215 16:50:31.610"/>
</kw>
<status status="PASS" starttime="20230215 16:50:30.492" endtime="20230215 16:50:31.610"/>
</kw>
<kw name="Verwendung Nur Privat" library="NutzungAutoPage">
<kw name="Click Element" library="SeleniumLibrary">
<arg>${fahrzeugsnutzungPage_verwendungDesFahrzeugs}</arg>
<doc>Click the element identified by ``locator``.</doc>
<msg timestamp="20230215 16:50:31.612" level="INFO">Clicking element 'xpath://*[@data-c24-test="fahrzeugnutzungexklusiv/NUR_PRIVAT"]//*[text()="nur privat (inkl. Arbeitsweg)"]'.</msg>
<status status="PASS" starttime="20230215 16:50:31.612" endtime="20230215 16:50:32.189"/>
</kw>
<status status="PASS" starttime="20230215 16:50:31.611" endtime="20230215 16:50:32.189"/>
</kw>
<kw name="Jährliche Fahrleistung" library="NutzungAutoPage">
<kw name="Input Text" library="SeleniumLibrary">
<arg>${fahrzeugsnutzungPage_jaehrlichrNutzung}</arg>
<arg>${jaehrlichrNutzung}</arg>
<doc>Types the given ``text`` into the text field identified by ``locator``.</doc>
<msg timestamp="20230215 16:50:32.191" level="INFO">Typing text '12' into text field 'xpath://input[@data-c24-test="fahrleistung"][@name="fahrleistung"]'.</msg>
<status status="PASS" starttime="20230215 16:50:32.190" endtime="20230215 16:50:33.076"/>
</kw>
<status status="PASS" starttime="20230215 16:50:32.190" endtime="20230215 16:50:33.076"/>
</kw>
<kw name="Nächtlicher Stellplatz: Einzelgarage" library="NutzungAutoPage">
<kw name="Click Element" library="SeleniumLibrary">
<arg>${fahrzeugsnutzungPage_naechtlicherStellplatz}</arg>
<doc>Click the element identified by ``locator``.</doc>
<msg timestamp="20230215 16:50:33.080" level="INFO">Clicking element 'xpath://*[@data-c24-test="stellplatz/open"]'.</msg>
<status status="PASS" starttime="20230215 16:50:33.079" endtime="20230215 16:50:33.676"/>
</kw>
<kw name="Click Element" library="SeleniumLibrary">
<arg>${fahrzeugsnutzungPage_einzelgaragge}</arg>
<doc>Click the element identified by ``locator``.</doc>
<msg timestamp="20230215 16:50:33.678" level="INFO">Clicking element 'xpath://*[@data-c24-test="stellplatz/EINZELGARAGE"][@role="option"]'.</msg>
<status status="PASS" starttime="20230215 16:50:33.677" endtime="20230215 16:50:34.263"/>
</kw>
<status status="PASS" starttime="20230215 16:50:33.078" endtime="20230215 16:50:34.263"/>
</kw>
<kw name="Finanz des Autos: Barkauf" library="NutzungAutoPage">
<kw name="Click Element" library="SeleniumLibrary">
<arg>${fahrzeugsnutzungPage_finanzierungBarkauf}</arg>
<doc>Click the element identified by ``locator``.</doc>
<msg timestamp="20230215 16:50:34.265" level="INFO">Clicking element 'xpath://*[@data-c24-test="fahrzeugfinanzierung/BARKAUF"]//*[text()="Barkauf"]'.</msg>
<status status="PASS" starttime="20230215 16:50:34.265" endtime="20230215 16:50:34.832"/>
</kw>
<status status="PASS" starttime="20230215 16:50:34.264" endtime="20230215 16:50:34.832"/>
</kw>
<kw name="weiter-Button click" library="SituationPage">
<kw name="Press Keys" library="SeleniumLibrary">
<arg>${weiterButton}</arg>
<arg>[RETURN]</arg>
<doc>Simulates the user pressing key(s) to an element or on the active browser.</doc>
<msg timestamp="20230215 16:50:34.835" level="INFO">Sending key(s) ('[RETURN]',) to xpath://button[contains(text(),"weiter")] element.</msg>
<msg timestamp="20230215 16:50:35.653" level="INFO">Sending keys [RETURN]</msg>
<status status="PASS" starttime="20230215 16:50:34.834" endtime="20230215 16:50:35.952"/>
</kw>
<status status="PASS" starttime="20230215 16:50:34.833" endtime="20230215 16:50:35.952"/>
</kw>
<kw name="Assertion: Versicherungsnehmer (Sie selbst) ist vorhanden" library="VersicherungsnehmerPage">
<kw name="Page Should Contain" library="SeleniumLibrary">
<arg>Versicherungsnehmer (Sie selbst)</arg>
<doc>Verifies that current page contains ``text``.</doc>
<msg timestamp="20230215 16:50:36.470" level="INFO">Current page contains text 'Versicherungsnehmer (Sie selbst)'.</msg>
<status status="PASS" starttime="20230215 16:50:35.953" endtime="20230215 16:50:36.470"/>
</kw>
<status status="PASS" starttime="20230215 16:50:35.952" endtime="20230215 16:50:36.470"/>
</kw>
<kw name="Geschlecht männlich auswählen" library="VersicherungsnehmerPage">
<kw name="Click Element" library="SeleniumLibrary">
<arg>${versicherungsnehmer_Geschlecht_Männlich}</arg>
<doc>Click the element identified by ``locator``.</doc>
<msg timestamp="20230215 16:50:36.471" level="INFO">Clicking element 'xpath://*[@data-c24-test="versicherungsnehmer/geschlecht/MAENNLICH"]//*[text()="männlich"]'.</msg>
<status status="PASS" starttime="20230215 16:50:36.471" endtime="20230215 16:50:37.019"/>
</kw>
<status status="PASS" starttime="20230215 16:50:36.470" endtime="20230215 16:50:37.019"/>
</kw>
<kw name="Geburtsdatum" library="VersicherungsnehmerPage">
<kw name="Input Text" library="SeleniumLibrary">
<arg>${versicherungsnehmer_Geburtsdatum}</arg>
<arg>${verNehmer.geburtsdatum}</arg>
<doc>Types the given ``text`` into the text field identified by ``locator``.</doc>
<msg timestamp="20230215 16:50:37.024" level="INFO">Typing text '07051988' into text field 'xpath://input[@name="versicherungsnehmer[geburtsdatum].geburtsdatum"][@placeholder="TT.MM.JJJJ"]'.</msg>
<status status="PASS" starttime="20230215 16:50:37.021" endtime="20230215 16:50:37.922"/>
</kw>
<status status="PASS" starttime="20230215 16:50:37.021" endtime="20230215 16:50:37.922"/>
</kw>
<kw name="Führerschein Erwerb" library="VersicherungsnehmerPage">
<kw name="Input Text" library="SeleniumLibrary">
<arg>${versicherungsnehmer_FührerscheinErwerb}</arg>
<arg>${verNehmer.führerscheinErwerb}</arg>
<doc>Types the given ``text`` into the text field identified by ``locator``.</doc>
<msg timestamp="20230215 16:50:37.927" level="INFO">Typing text '15032015' into text field 'xpath://input[@name="versicherungsnehmer[pkwFsErteilung].pkwFsErteilung"][@placeholder="TT.MM.JJJJ"]'.</msg>
<status status="PASS" starttime="20230215 16:50:37.924" endtime="20230215 16:50:38.833"/>
</kw>
<status status="PASS" starttime="20230215 16:50:37.923" endtime="20230215 16:50:38.833"/>
</kw>
<kw name="Familienstand: Verheiratet" library="VersicherungsnehmerPage">
<kw name="Click Element" library="SeleniumLibrary">
<arg>${versicherungsnehmer_Familienstand}</arg>
<doc>Click the element identified by ``locator``.</doc>
<msg timestamp="20230215 16:50:38.836" level="INFO">Clicking element 'xpath://*[@data-c24-test="versicherungsnehmer/familienstand/open"]'.</msg>
<status status="PASS" starttime="20230215 16:50:38.834" endtime="20230215 16:50:39.432"/>
</kw>
<kw name="Click Element" library="SeleniumLibrary">
<arg>${versicherungsnehmer_Verheiratet}</arg>
<doc>Click the element identified by ``locator``.</doc>
<msg timestamp="20230215 16:50:39.433" level="INFO">Clicking element 'xpath://*[@data-c24-test="versicherungsnehmer/familienstand/VERHEIRATET"][@role="option"]'.</msg>
<status status="PASS" starttime="20230215 16:50:39.432" endtime="20230215 16:50:40.000"/>
</kw>
<status status="PASS" starttime="20230215 16:50:38.834" endtime="20230215 16:50:40.000"/>
</kw>
<kw name="Beruf: Angesteller" library="VersicherungsnehmerPage">
<kw name="Click Element" library="SeleniumLibrary">
<arg>${versicherungsnehmer_Beruf}</arg>
<doc>Click the element identified by ``locator``.</doc>
<msg timestamp="20230215 16:50:40.003" level="INFO">Clicking element 'xpath: //*[@data-c24-test="versicherungsnehmer/berufsgruppe/open"]'.</msg>
<status status="PASS" starttime="20230215 16:50:40.002" endtime="20230215 16:50:40.584"/>
</kw>
<kw name="Click Element" library="SeleniumLibrary">
<arg>${versicherungsnehmer_angesteller}</arg>
<doc>Click the element identified by ``locator``.</doc>
<msg timestamp="20230215 16:50:40.584" level="INFO">Clicking element 'xpath: //*[@data-c24-test="versicherungsnehmer/berufsgruppe/B20_ANGESTELLTE"][@role="option"]'.</msg>
<status status="PASS" starttime="20230215 16:50:40.584" endtime="20230215 16:50:41.135"/>
</kw>
<status status="PASS" starttime="20230215 16:50:40.001" endtime="20230215 16:50:41.135"/>
</kw>
<kw name="PLZ" library="VersicherungsnehmerPage">
<kw name="Input Text" library="SeleniumLibrary">
<arg>${versicherungsnehmer_PLZ}</arg>
<arg>${verNehmer.plz}</arg>
<doc>Types the given ``text`` into the text field identified by ``locator``.</doc>
<msg timestamp="20230215 16:50:41.137" level="INFO">Typing text '24149' into text field 'xpath: //input[@name="versicherungsnehmer[plz].plz"][@data-c24-test="versicherungsnehmer/ort/plz"]'.</msg>
<status status="PASS" starttime="20230215 16:50:41.136" endtime="20230215 16:50:42.003"/>
</kw>
<status status="PASS" starttime="20230215 16:50:41.135" endtime="20230215 16:50:42.003"/>
</kw>
<kw name="Punkte in Flensburg" library="VersicherungsnehmerPage">
<kw name="Click Element" library="SeleniumLibrary">
<arg>${versicherungsnehmer_PunkteFlensburg}</arg>
<doc>Click the element identified by ``locator``.</doc>
<msg timestamp="20230215 16:50:42.005" level="INFO">Clicking element 'xpath: //*[@data-c24-test="versicherungsnehmer/punkteFlensburg"]//*[text()="nein"]'.</msg>
<status status="PASS" starttime="20230215 16:50:42.004" endtime="20230215 16:50:42.583"/>
</kw>
<status status="PASS" starttime="20230215 16:50:42.004" endtime="20230215 16:50:42.583"/>
</kw>
<kw name="Zugriff auf weitere Autos" library="VersicherungsnehmerPage">
<kw name="Click Element" library="SeleniumLibrary">
<arg>${versicherungsnehmer_ZugriffWeitereAutos}</arg>
<doc>Click the element identified by ``locator``.</doc>
<msg timestamp="20230215 16:50:42.586" level="INFO">Clicking element 'xpath: //*[@data-c24-test="versicherungsnehmer/pkwZugriff"]//*[text()="nein"]'.</msg>
<status status="PASS" starttime="20230215 16:50:42.585" endtime="20230215 16:50:43.155"/>
</kw>
<status status="PASS" starttime="20230215 16:50:42.585" endtime="20230215 16:50:43.156"/>
</kw>
<kw name="weiter-Button click" library="SituationPage">
<kw name="Press Keys" library="SeleniumLibrary">
<arg>${weiterButton}</arg>
<arg>[RETURN]</arg>
<doc>Simulates the user pressing key(s) to an element or on the active browser.</doc>
<msg timestamp="20230215 16:50:43.160" level="INFO">Sending key(s) ('[RETURN]',) to xpath://button[contains(text(),"weiter")] element.</msg>
<msg timestamp="20230215 16:50:43.963" level="INFO">Sending keys [RETURN]</msg>
<status status="PASS" starttime="20230215 16:50:43.159" endtime="20230215 16:50:44.234"/>
</kw>
<status status="PASS" starttime="20230215 16:50:43.158" endtime="20230215 16:50:44.234"/>
</kw>
<kw name="Assertion: Fahrer des Autos ist vorhanden" library="AutoFahrer">
<kw name="Page Should Contain" library="SeleniumLibrary">
<arg>Fahrer des Autos</arg>
<doc>Verifies that current page contains ``text``.</doc>
<msg timestamp="20230215 16:50:44.764" level="INFO">Current page contains text 'Fahrer des Autos'.</msg>
<status status="PASS" starttime="20230215 16:50:44.237" endtime="20230215 16:50:44.764"/>
</kw>
<status status="PASS" starttime="20230215 16:50:44.237" endtime="20230215 16:50:44.764"/>
</kw>
<kw name="Fahrer des Autos: Versicherungsnehmer" library="AutoFahrer">
<kw name="Click Element" library="SeleniumLibrary">
<arg>${fahrerDesAutosPage_versicherungsnehmer}</arg>
<doc>Click the element identified by ``locator``.</doc>
<msg timestamp="20230215 16:50:44.766" level="INFO">Clicking element 'xpath://*[@data-c24-test="versicherungsnehmerIstFahrer/true"]//*[text()="Versicherungsnehmer"]'.</msg>
<status status="PASS" starttime="20230215 16:50:44.765" endtime="20230215 16:50:45.330"/>
</kw>
<status status="PASS" starttime="20230215 16:50:44.765" endtime="20230215 16:50:45.330"/>
</kw>
<kw name="weiter-Button click" library="SituationPage">
<kw name="Press Keys" library="SeleniumLibrary">
<arg>${weiterButton}</arg>
<arg>[RETURN]</arg>
<doc>Simulates the user pressing key(s) to an element or on the active browser.</doc>
<msg timestamp="20230215 16:50:45.334" level="INFO">Sending key(s) ('[RETURN]',) to xpath://button[contains(text(),"weiter")] element.</msg>
<msg timestamp="20230215 16:50:46.139" level="INFO">Sending keys [RETURN]</msg>
<status status="PASS" starttime="20230215 16:50:45.332" endtime="20230215 16:50:46.442"/>
</kw>
<status status="PASS" starttime="20230215 16:50:45.332" endtime="20230215 16:50:46.442"/>
</kw>
<kw name="Assertion: Vorversichung ist vorhanden" library="VorversicherungPage">
<kw name="Page Should Contain" library="SeleniumLibrary">
<arg>Vorversicherung</arg>
<doc>Verifies that current page contains ``text``.</doc>
<msg timestamp="20230215 16:50:46.977" level="INFO">Current page contains text 'Vorversicherung'.</msg>
<status status="PASS" starttime="20230215 16:50:46.444" endtime="20230215 16:50:46.977"/>
</kw>
<status status="PASS" starttime="20230215 16:50:46.443" endtime="20230215 16:50:46.977"/>
</kw>
<kw name="Schadenfreinheitsrabat ist vorhanden" library="VorversicherungPage">
<kw name="Click Element" library="SeleniumLibrary">
<arg>${vorversicherungPage_vorversicherungVorhandenButton}</arg>
<doc>Click the element identified by ``locator``.</doc>
<msg timestamp="20230215 16:50:46.981" level="INFO">Clicking element 'xpath://*[@data-c24-test="vorversicherungVorhanden"]//*[text()="ja"]'.</msg>
<status status="PASS" starttime="20230215 16:50:46.980" endtime="20230215 16:50:47.562"/>
</kw>
<status status="PASS" starttime="20230215 16:50:46.979" endtime="20230215 16:50:47.562"/>
</kw>
<kw name="Vorversichung bei HUK24" library="VorversicherungPage">
<kw name="Input Text" library="SeleniumLibrary">
<arg>${VorversicherungPage_VorversicherungsFirma}</arg>
<arg>${VorversicherungsFirma}</arg>
<doc>Types the given ``text`` into the text field identified by ``locator``.</doc>
<msg timestamp="20230215 16:50:47.565" level="INFO">Typing text 'HUK24' into text field 'xpath://div[@id="c24_ref_vorversicherer"]//input[@id="vorversicherer"]'.</msg>
<status status="PASS" starttime="20230215 16:50:47.564" endtime="20230215 16:50:48.471"/>
</kw>
<status status="PASS" starttime="20230215 16:50:47.564" endtime="20230215 16:50:48.471"/>
</kw>
<kw name="vorversicherungsDauer: bis zu 2 Jahr" library="VorversicherungPage">
<kw name="Click Element" library="SeleniumLibrary">
<arg>${vorversicherungPage_vorversicherungsDauerButton}</arg>
<doc>Click the element identified by ``locator``.</doc>
<msg timestamp="20230215 16:50:48.476" level="INFO">Clicking element 'xpath: //*[@data-c24-test="vorversicherungDauer/D2_1_TO_3_YEARS"]//*[text()="länger als 1 Jahr"]'.</msg>
<status status="PASS" starttime="20230215 16:50:48.474" endtime="20230215 16:50:49.068"/>
</kw>
<status status="PASS" starttime="20230215 16:50:48.473" endtime="20230215 16:50:49.068"/>
</kw>
<kw name="Kündigung durch Versicherungsnehmer" library="VorversicherungPage">
<kw name="Click Element" library="SeleniumLibrary">
<arg>${vorversicherungPage_vorversicherungsKündigung}</arg>
<doc>Click the element identified by ``locator``.</doc>
<msg timestamp="20230215 16:50:49.071" level="INFO">Clicking element 'xpath://*[@data-c24-test="kuendigungDurch/VERSICHERUNGSNEHMER"]//*[text()="ich selbst (Versicherungsnehmer)"]'.</msg>
<status status="PASS" starttime="20230215 16:50:49.070" endtime="20230215 16:50:49.656"/>
</kw>
<status status="PASS" starttime="20230215 16:50:49.070" endtime="20230215 16:50:49.656"/>
</kw>
<kw name="weiter-Button click" library="SituationPage">
<kw name="Press Keys" library="SeleniumLibrary">
<arg>${weiterButton}</arg>
<arg>[RETURN]</arg>
<doc>Simulates the user pressing key(s) to an element or on the active browser.</doc>
<msg timestamp="20230215 16:50:49.660" level="INFO">Sending key(s) ('[RETURN]',) to xpath://button[contains(text(),"weiter")] element.</msg>
<msg timestamp="20230215 16:50:50.462" level="INFO">Sending keys [RETURN]</msg>
<status status="PASS" starttime="20230215 16:50:49.659" endtime="20230215 16:50:50.744"/>
</kw>
<status status="PASS" starttime="20230215 16:50:49.658" endtime="20230215 16:50:50.744"/>
</kw>
<kw name="Haftpflicht SF-Klasse" library="SchadenFreiheitsrabattPage">
<kw name="Click Element" library="SeleniumLibrary">
<arg>${schadenfreiheitsrabatt_HaftpflichtKlasse}</arg>
<doc>Click the element identified by ``locator``.</doc>
<msg timestamp="20230215 16:50:50.747" level="INFO">Clicking element 'xpath://*[@data-c24-test="schadenfreiheitsklasse.kh/open"]'.</msg>
<status status="PASS" starttime="20230215 16:50:50.746" endtime="20230215 16:50:51.314"/>
</kw>
<kw name="Click Element" library="SeleniumLibrary">
<arg>${schadenfreiheitsrabatt_SFK_5}</arg>
<doc>Click the element identified by ``locator``.</doc>
<msg timestamp="20230215 16:50:51.315" level="INFO">Clicking element 'xpath://*[@data-c24-test="schadenfreiheitsklasse.kh/SFK_KH_5"][@role="option"]'.</msg>
<status status="PASS" starttime="20230215 16:50:51.314" endtime="20230215 16:50:51.913"/>
</kw>
<status status="PASS" starttime="20230215 16:50:50.745" endtime="20230215 16:50:51.913"/>
</kw>
<kw name="Bisher keine Vollkasko" library="SchadenFreiheitsrabattPage">
<kw name="Click Element" library="SeleniumLibrary">
<arg>${schadenfreiheitsrabatt_BisherKeineKasko}</arg>
<doc>Click the element identified by ``locator``.</doc>
<msg timestamp="20230215 16:50:51.916" level="INFO">Clicking element 'xpath://div[text()="bisher keine Vollkasko"]'.</msg>
<status status="PASS" starttime="20230215 16:50:51.915" endtime="20230215 16:50:52.508"/>
</kw>
<status status="PASS" starttime="20230215 16:50:51.915" endtime="20230215 16:50:52.508"/>
</kw>
<kw name="weiter-Button click" library="SituationPage">
<kw name="Press Keys" library="SeleniumLibrary">
<arg>${weiterButton}</arg>
<arg>[RETURN]</arg>
<doc>Simulates the user pressing key(s) to an element or on the active browser.</doc>
<msg timestamp="20230215 16:50:52.512" level="INFO">Sending key(s) ('[RETURN]',) to xpath://button[contains(text(),"weiter")] element.</msg>
<msg timestamp="20230215 16:50:53.309" level="INFO">Sending keys [RETURN]</msg>
<status status="PASS" starttime="20230215 16:50:52.511" endtime="20230215 16:50:53.636"/>
</kw>
<status status="PASS" starttime="20230215 16:50:52.510" endtime="20230215 16:50:53.636"/>
</kw>
<kw name="Assertion: Rabatte ist vorhanden." library="RabattPage">
<kw name="Page Should Contain" library="SeleniumLibrary">
<arg>Rabatte</arg>
<doc>Verifies that current page contains ``text``.</doc>
<msg timestamp="20230215 16:50:54.159" level="INFO">Current page contains text 'Rabatte'.</msg>
<status status="PASS" starttime="20230215 16:50:53.637" endtime="20230215 16:50:54.159"/>
</kw>
<status status="PASS" starttime="20230215 16:50:53.637" endtime="20230215 16:50:54.159"/>
</kw>
<kw name="Weiteres Auto auf Sie oder Familienmitglieder versichert" library="RabattPage">
<kw name="Click Element" library="SeleniumLibrary">
<arg>${rabattPage_weiterAutosVersichertNEiN}</arg>
<doc>Click the element identified by ``locator``.</doc>
<msg timestamp="20230215 16:50:54.163" level="INFO">Clicking element 'xpath://*[@data-c24-test="erstfahrzeugVorhanden"]//*[text()="nein"]'.</msg>
<status status="PASS" starttime="20230215 16:50:54.162" endtime="20230215 16:50:54.726"/>
</kw>
<status status="PASS" starttime="20230215 16:50:54.161" endtime="20230215 16:50:54.726"/>
</kw>
<kw name="Ich bestätige" library="RabattPage">
<kw name="Click Element" library="SeleniumLibrary">
<arg>${rabattPage_ichBestätige}</arg>
<doc>Click the element identified by ``locator``.</doc>
<msg timestamp="20230215 16:50:54.729" level="INFO">Clicking element 'xpath://*[@data-c24-test="erstinformationAccepted"]'.</msg>
<status status="PASS" starttime="20230215 16:50:54.729" endtime="20230215 16:50:55.329"/>
</kw>
<status status="PASS" starttime="20230215 16:50:54.728" endtime="20230215 16:50:55.330"/>
</kw>
<kw name="Ergebnis Anzeigen" library="RabattPage">
<kw name="Press Keys" library="SeleniumLibrary">
<arg>${rabattPage_ergebnisAnzeigen}</arg>
<arg>RETURN</arg>
<doc>Simulates the user pressing key(s) to an element or on the active browser.</doc>
<msg timestamp="20230215 16:50:55.334" level="INFO">Sending key(s) ('RETURN',) to xpath://button[text()="Ergebnis anzeigen"] element.</msg>
<msg timestamp="20230215 16:50:56.184" level="INFO">Pressing special key RETURN to element.</msg>
<msg timestamp="20230215 16:50:56.184" level="INFO">Releasing special key RETURN.</msg>
<status status="PASS" starttime="20230215 16:50:55.333" endtime="20230215 16:50:56.510"/>
</kw>
<status status="PASS" starttime="20230215 16:50:55.332" endtime="20230215 16:50:56.510"/>
</kw>
<kw name="Tarifoption Anzeigen" library="RabattPage">
<kw name="Press Keys" library="SeleniumLibrary">
<arg>${rabattPage_tarifOptionAnzeigen}</arg>
<arg>RETURN</arg>
<doc>Simulates the user pressing key(s) to an element or on the active browser.</doc>
<msg timestamp="20230215 16:50:56.514" level="INFO">Sending key(s) ('RETURN',) to xpath://button[@data-c24-test="tarifoptionen-uebernehmen"] element.</msg>
<msg timestamp="20230215 16:50:58.443" level="INFO">Pressing special key RETURN to element.</msg>
<msg timestamp="20230215 16:50:58.443" level="INFO">Releasing special key RETURN.</msg>
<status status="PASS" starttime="20230215 16:50:56.512" endtime="20230215 16:50:58.708"/>
</kw>
<status status="PASS" starttime="20230215 16:50:56.512" endtime="20230215 16:50:58.708"/>
</kw>
<kw name="Send Angebote zu Datenbank" library="AngebotsPage">
<kw name="Sleep" library="BuiltIn">
<arg>20seconds</arg>
<doc>Pauses the test executed for the given time.</doc>
<msg timestamp="20230215 16:51:18.710" level="INFO">Slept 20 seconds</msg>
<status status="PASS" starttime="20230215 16:50:58.709" endtime="20230215 16:51:18.710"/>
</kw>
<kw name="Connect DB" library="AngebotsPage">
<kw name="Connect To Database" library="DatabaseLibrary">
<arg>pymysql</arg>
<arg>${database}</arg>
<arg>${user}</arg>
<arg>${password}</arg>
<arg>${host}</arg>
<arg>${port}</arg>
<doc>Loads the DB API 2.0 module given `dbapiModuleName` then uses it to
connect to the database using `dbName`, `dbUsername`, and `dbPassword`.</doc>
<msg timestamp="20230215 16:51:18.733" level="INFO">Connecting using : pymysql.connect(db=mydb, user=root, passwd=1234, host=localhost, port=3306, charset=None) </msg>
<status status="PASS" starttime="20230215 16:51:18.712" endtime="20230215 16:51:18.759"/>
</kw>
<status status="PASS" starttime="20230215 16:51:18.711" endtime="20230215 16:51:18.760"/>
</kw>
<kw name="Execute Sql String" library="DatabaseLibrary">
<arg>delete from Versicherung;</arg>
<doc>Executes the sqlString as SQL commands. Useful to pass arguments to your sql. Set optional input `sansTran` to
True to run command without an explicit transaction commit or rollback.</doc>
<msg timestamp="20230215 16:51:18.761" level="INFO">Executing : Execute SQL String  |  delete from Versicherung; </msg>
<status status="PASS" starttime="20230215 16:51:18.760" endtime="20230215 16:51:18.768"/>
</kw>
<for flavor="IN RANGE">
<var>${i}</var>
<value>1</value>
<value>6</value>
<iter>
<var name="${i}">1</var>
<kw name="Click Element" library="SeleniumLibrary">
<arg>${AngebotPage_Weiter}${i}]</arg>
<doc>Click the element identified by ``locator``.</doc>
<msg timestamp="20230215 16:51:18.769" level="INFO">Clicking element '(//div[@class="box24ResultLink c24CssButton js24Detail"][normalize-space()="weiter"])[1]'.</msg>
<status status="PASS" starttime="20230215 16:51:18.768" endtime="20230215 16:51:19.437"/>
</kw>
<kw name="Get Text" library="SeleniumLibrary">
<var>${versicherungName}</var>
<arg>${locatorVersicherung}</arg>
<doc>Returns the text value of the element identified by ``locator``.</doc>
<msg timestamp="20230215 16:51:20.001" level="INFO">${versicherungName} = BavariaDirekt Komfort M online mit Werkstattbindung</msg>
<status status="PASS" starttime="20230215 16:51:19.437" endtime="20230215 16:51:20.001"/>
</kw>
<kw name="Get Text" library="SeleniumLibrary">
<var>${versicherungPrice}</var>
<arg>${locatorPrice}</arg>
<doc>Returns the text value of the element identified by ``locator``.</doc>
<msg timestamp="20230215 16:51:20.546" level="INFO">${versicherungPrice} = 414,22 €</msg>
<status status="PASS" starttime="20230215 16:51:20.002" endtime="20230215 16:51:20.546"/>
</kw>
<kw name="Log" library="BuiltIn">
<arg>${versicherungName}</arg>
<doc>Logs the given message with the given level.</doc>
<msg timestamp="20230215 16:51:20.547" level="INFO">BavariaDirekt Komfort M online mit Werkstattbindung</msg>
<status status="PASS" starttime="20230215 16:51:20.547" endtime="20230215 16:51:20.547"/>
</kw>
<kw name="Log" library="BuiltIn">
<arg>${versicherungPrice}</arg>
<doc>Logs the given message with the given level.</doc>
<msg timestamp="20230215 16:51:20.548" level="INFO">414,22 €</msg>
<status status="PASS" starttime="20230215 16:51:20.548" endtime="20230215 16:51:20.548"/>
</kw>
<kw name="Execute Sql String" library="DatabaseLibrary">
<var>${output}</var>
<arg>Insert into Versicherung values('${versicherungName} ','${versicherungPrice}');</arg>
<doc>Executes the sqlString as SQL commands. Useful to pass arguments to your sql. Set optional input `sansTran` to
True to run command without an explicit transaction commit or rollback.</doc>
<msg timestamp="20230215 16:51:20.549" level="INFO">Executing : Execute SQL String  |  Insert into Versicherung values('BavariaDirekt Komfort M online mit Werkstattbindung ','414,22 €'); </msg>
<msg timestamp="20230215 16:51:20.563" level="INFO">${output} = None</msg>
<status status="PASS" starttime="20230215 16:51:20.548" endtime="20230215 16:51:20.563"/>
</kw>
<kw name="Click Element" library="SeleniumLibrary">
<arg>${AngebotPage_zurück}</arg>
<doc>Click the element identified by ``locator``.</doc>
<msg timestamp="20230215 16:51:20.564" level="INFO">Clicking element 'xpath://div[text()="zurück zu Ergebnisliste"]'.</msg>
<status status="PASS" starttime="20230215 16:51:20.563" endtime="20230215 16:51:21.223"/>
</kw>
<status status="PASS" starttime="20230215 16:51:18.768" endtime="20230215 16:51:21.223"/>
</iter>
<iter>
<var name="${i}">2</var>
<kw name="Click Element" library="SeleniumLibrary">
<arg>${AngebotPage_Weiter}${i}]</arg>
<doc>Click the element identified by ``locator``.</doc>
<msg timestamp="20230215 16:51:21.225" level="INFO">Clicking element '(//div[@class="box24ResultLink c24CssButton js24Detail"][normalize-space()="weiter"])[2]'.</msg>
<status status="PASS" starttime="20230215 16:51:21.224" endtime="20230215 16:51:21.880"/>
</kw>
<kw name="Get Text" library="SeleniumLibrary">
<var>${versicherungName}</var>
<arg>${locatorVersicherung}</arg>
<doc>Returns the text value of the element identified by ``locator``.</doc>
<msg timestamp="20230215 16:51:22.424" level="INFO">${versicherungName} = ADAC Autoversicherung AG Basis mit Werkstattbonus</msg>
<status status="PASS" starttime="20230215 16:51:21.880" endtime="20230215 16:51:22.424"/>
</kw>
<kw name="Get Text" library="SeleniumLibrary">
<var>${versicherungPrice}</var>
<arg>${locatorPrice}</arg>
<doc>Returns the text value of the element identified by ``locator``.</doc>
<msg timestamp="20230215 16:51:22.968" level="INFO">${versicherungPrice} = 508,46 €</msg>
<status status="PASS" starttime="20230215 16:51:22.425" endtime="20230215 16:51:22.968"/>
</kw>
<kw name="Log" library="BuiltIn">
<arg>${versicherungName}</arg>
<doc>Logs the given message with the given level.</doc>
<msg timestamp="20230215 16:51:22.969" level="INFO">ADAC Autoversicherung AG Basis mit Werkstattbonus</msg>
<status status="PASS" starttime="20230215 16:51:22.969" endtime="20230215 16:51:22.969"/>
</kw>
<kw name="Log" library="BuiltIn">
<arg>${versicherungPrice}</arg>
<doc>Logs the given message with the given level.</doc>
<msg timestamp="20230215 16:51:22.970" level="INFO">508,46 €</msg>
<status status="PASS" starttime="20230215 16:51:22.970" endtime="20230215 16:51:22.970"/>
</kw>
<kw name="Execute Sql String" library="DatabaseLibrary">
<var>${output}</var>
<arg>Insert into Versicherung values('${versicherungName} ','${versicherungPrice}');</arg>
<doc>Executes the sqlString as SQL commands. Useful to pass arguments to your sql. Set optional input `sansTran` to
True to run command without an explicit transaction commit or rollback.</doc>
<msg timestamp="20230215 16:51:22.971" level="INFO">Executing : Execute SQL String  |  Insert into Versicherung values('ADAC Autoversicherung AG Basis mit Werkstattbonus ','508,46 €'); </msg>
<msg timestamp="20230215 16:51:22.976" level="INFO">${output} = None</msg>
<status status="PASS" starttime="20230215 16:51:22.970" endtime="20230215 16:51:22.976"/>
</kw>
<kw name="Click Element" library="SeleniumLibrary">
<arg>${AngebotPage_zurück}</arg>
<doc>Click the element identified by ``locator``.</doc>
<msg timestamp="20230215 16:51:22.977" level="INFO">Clicking element 'xpath://div[text()="zurück zu Ergebnisliste"]'.</msg>
<status status="PASS" starttime="20230215 16:51:22.976" endtime="20230215 16:51:23.625"/>
</kw>
<status status="PASS" starttime="20230215 16:51:21.224" endtime="20230215 16:51:23.625"/>
</iter>
<iter>
<var name="${i}">3</var>
<kw name="Click Element" library="SeleniumLibrary">
<arg>${AngebotPage_Weiter}${i}]</arg>
<doc>Click the element identified by ``locator``.</doc>
<msg timestamp="20230215 16:51:23.628" level="INFO">Clicking element '(//div[@class="box24ResultLink c24CssButton js24Detail"][normalize-space()="weiter"])[3]'.</msg>
<status status="PASS" starttime="20230215 16:51:23.626" endtime="20230215 16:51:24.279"/>
</kw>
<kw name="Get Text" library="SeleniumLibrary">
<var>${versicherungName}</var>
<arg>${locatorVersicherung}</arg>
<doc>Returns the text value of the element identified by ``locator``.</doc>
<msg timestamp="20230215 16:51:24.807" level="INFO">${versicherungName} = BavariaDirekt Komfort S online mit Werkstattbindung</msg>
<status status="PASS" starttime="20230215 16:51:24.280" endtime="20230215 16:51:24.807"/>
</kw>
<kw name="Get Text" library="SeleniumLibrary">
<var>${versicherungPrice}</var>
<arg>${locatorPrice}</arg>
<doc>Returns the text value of the element identified by ``locator``.</doc>
<msg timestamp="20230215 16:51:25.354" level="INFO">${versicherungPrice} = 405,94 €</msg>
<status status="PASS" starttime="20230215 16:51:24.807" endtime="20230215 16:51:25.354"/>
</kw>
<kw name="Log" library="BuiltIn">
<arg>${versicherungName}</arg>
<doc>Logs the given message with the given level.</doc>
<msg timestamp="20230215 16:51:25.355" level="INFO">BavariaDirekt Komfort S online mit Werkstattbindung</msg>
<status status="PASS" starttime="20230215 16:51:25.355" endtime="20230215 16:51:25.355"/>
</kw>
<kw name="Log" library="BuiltIn">
<arg>${versicherungPrice}</arg>
<doc>Logs the given message with the given level.</doc>
<msg timestamp="20230215 16:51:25.356" level="INFO">405,94 €</msg>
<status status="PASS" starttime="20230215 16:51:25.356" endtime="20230215 16:51:25.356"/>
</kw>
<kw name="Execute Sql String" library="DatabaseLibrary">
<var>${output}</var>
<arg>Insert into Versicherung values('${versicherungName} ','${versicherungPrice}');</arg>
<doc>Executes the sqlString as SQL commands. Useful to pass arguments to your sql. Set optional input `sansTran` to
True to run command without an explicit transaction commit or rollback.</doc>
<msg timestamp="20230215 16:51:25.357" level="INFO">Executing : Execute SQL String  |  Insert into Versicherung values('BavariaDirekt Komfort S online mit Werkstattbindung ','405,94 €'); </msg>
<msg timestamp="20230215 16:51:25.371" level="INFO">${output} = None</msg>
<status status="PASS" starttime="20230215 16:51:25.357" endtime="20230215 16:51:25.371"/>
</kw>
<kw name="Click Element" library="SeleniumLibrary">
<arg>${AngebotPage_zurück}</arg>
<doc>Click the element identified by ``locator``.</doc>
<msg timestamp="20230215 16:51:25.372" level="INFO">Clicking element 'xpath://div[text()="zurück zu Ergebnisliste"]'.</msg>
<status status="PASS" starttime="20230215 16:51:25.371" endtime="20230215 16:51:26.036"/>
</kw>
<status status="PASS" starttime="20230215 16:51:23.626" endtime="20230215 16:51:26.036"/>
</iter>
<iter>
<var name="${i}">4</var>
<kw name="Click Element" library="SeleniumLibrary">
<arg>${AngebotPage_Weiter}${i}]</arg>
<doc>Click the element identified by ``locator``.</doc>
<msg timestamp="20230215 16:51:26.038" level="INFO">Clicking element '(//div[@class="box24ResultLink c24CssButton js24Detail"][normalize-space()="weiter"])[4]'.</msg>
<status status="PASS" starttime="20230215 16:51:26.037" endtime="20230215 16:51:26.681"/>
</kw>
<kw name="Get Text" library="SeleniumLibrary">
<var>${versicherungName}</var>
<arg>${locatorVersicherung}</arg>
<doc>Returns the text value of the element identified by ``locator``.</doc>
<msg timestamp="20230215 16:51:27.226" level="INFO">${versicherungName} = BavariaDirekt Komfort M online mit Werkstattbindung</msg>
<status status="PASS" starttime="20230215 16:51:26.681" endtime="20230215 16:51:27.226"/>
</kw>
<kw name="Get Text" library="SeleniumLibrary">
<var>${versicherungPrice}</var>
<arg>${locatorPrice}</arg>
<doc>Returns the text value of the element identified by ``locator``.</doc>
<msg timestamp="20230215 16:51:27.769" level="INFO">${versicherungPrice} = 414,22 €</msg>
<status status="PASS" starttime="20230215 16:51:27.226" endtime="20230215 16:51:27.769"/>
</kw>
<kw name="Log" library="BuiltIn">
<arg>${versicherungName}</arg>
<doc>Logs the given message with the given level.</doc>
<msg timestamp="20230215 16:51:27.770" level="INFO">BavariaDirekt Komfort M online mit Werkstattbindung</msg>
<status status="PASS" starttime="20230215 16:51:27.769" endtime="20230215 16:51:27.770"/>
</kw>
<kw name="Log" library="BuiltIn">
<arg>${versicherungPrice}</arg>
<doc>Logs the given message with the given level.</doc>
<msg timestamp="20230215 16:51:27.770" level="INFO">414,22 €</msg>
<status status="PASS" starttime="20230215 16:51:27.770" endtime="20230215 16:51:27.771"/>
</kw>
<kw name="Execute Sql String" library="DatabaseLibrary">
<var>${output}</var>
<arg>Insert into Versicherung values('${versicherungName} ','${versicherungPrice}');</arg>
<doc>Executes the sqlString as SQL commands. Useful to pass arguments to your sql. Set optional input `sansTran` to
True to run command without an explicit transaction commit or rollback.</doc>
<msg timestamp="20230215 16:51:27.771" level="INFO">Executing : Execute SQL String  |  Insert into Versicherung values('BavariaDirekt Komfort M online mit Werkstattbindung ','414,22 €'); </msg>
<msg timestamp="20230215 16:51:27.777" level="INFO">${output} = None</msg>
<status status="PASS" starttime="20230215 16:51:27.771" endtime="20230215 16:51:27.777"/>
</kw>
<kw name="Click Element" library="SeleniumLibrary">
<arg>${AngebotPage_zurück}</arg>
<doc>Click the element identified by ``locator``.</doc>
<msg timestamp="20230215 16:51:27.779" level="INFO">Clicking element 'xpath://div[text()="zurück zu Ergebnisliste"]'.</msg>
<status status="PASS" starttime="20230215 16:51:27.778" endtime="20230215 16:51:28.440"/>
</kw>
<status status="PASS" starttime="20230215 16:51:26.036" endtime="20230215 16:51:28.440"/>
</iter>
<iter>
<var name="${i}">5</var>
<kw name="Click Element" library="SeleniumLibrary">
<arg>${AngebotPage_Weiter}${i}]</arg>
<doc>Click the element identified by ``locator``.</doc>
<msg timestamp="20230215 16:51:28.442" level="INFO">Clicking element '(//div[@class="box24ResultLink c24CssButton js24Detail"][normalize-space()="weiter"])[5]'.</msg>
<status status="PASS" starttime="20230215 16:51:28.441" endtime="20230215 16:51:29.095"/>
</kw>
<kw name="Get Text" library="SeleniumLibrary">
<var>${versicherungName}</var>
<arg>${locatorVersicherung}</arg>
<doc>Returns the text value of the element identified by ``locator``.</doc>
<msg timestamp="20230215 16:51:29.645" level="INFO">${versicherungName} = DA Direkt Basis mit Werkstattbindung</msg>
<status status="PASS" starttime="20230215 16:51:29.095" endtime="20230215 16:51:29.645"/>
</kw>
<kw name="Get Text" library="SeleniumLibrary">
<var>${versicherungPrice}</var>
<arg>${locatorPrice}</arg>
<doc>Returns the text value of the element identified by ``locator``.</doc>
<msg timestamp="20230215 16:51:30.188" level="INFO">${versicherungPrice} = 487,72 €</msg>
<status status="PASS" starttime="20230215 16:51:29.645" endtime="20230215 16:51:30.188"/>
</kw>
<kw name="Log" library="BuiltIn">
<arg>${versicherungName}</arg>
<doc>Logs the given message with the given level.</doc>
<msg timestamp="20230215 16:51:30.189" level="INFO">DA Direkt Basis mit Werkstattbindung</msg>
<status status="PASS" starttime="20230215 16:51:30.189" endtime="20230215 16:51:30.189"/>
</kw>
<kw name="Log" library="BuiltIn">
<arg>${versicherungPrice}</arg>
<doc>Logs the given message with the given level.</doc>
<msg timestamp="20230215 16:51:30.190" level="INFO">487,72 €</msg>
<status status="PASS" starttime="20230215 16:51:30.189" endtime="20230215 16:51:30.190"/>
</kw>
<kw name="Execute Sql String" library="DatabaseLibrary">
<var>${output}</var>
<arg>Insert into Versicherung values('${versicherungName} ','${versicherungPrice}');</arg>
<doc>Executes the sqlString as SQL commands. Useful to pass arguments to your sql. Set optional input `sansTran` to
True to run command without an explicit transaction commit or rollback.</doc>
<msg timestamp="20230215 16:51:30.190" level="INFO">Executing : Execute SQL String  |  Insert into Versicherung values('DA Direkt Basis mit Werkstattbindung ','487,72 €'); </msg>
<msg timestamp="20230215 16:51:30.205" level="INFO">${output} = None</msg>
<status status="PASS" starttime="20230215 16:51:30.190" endtime="20230215 16:51:30.205"/>
</kw>
<kw name="Click Element" library="SeleniumLibrary">
<arg>${AngebotPage_zurück}</arg>
<doc>Click the element identified by ``locator``.</doc>
<msg timestamp="20230215 16:51:30.206" level="INFO">Clicking element 'xpath://div[text()="zurück zu Ergebnisliste"]'.</msg>
<status status="PASS" starttime="20230215 16:51:30.205" endtime="20230215 16:51:30.830"/>
</kw>
<status status="PASS" starttime="20230215 16:51:28.440" endtime="20230215 16:51:30.830"/>
</iter>
<status status="PASS" starttime="20230215 16:51:18.768" endtime="20230215 16:51:30.830"/>
</for>
<kw name="Disconnect DB" library="AngebotsPage">
<kw name="Disconnect From Database" library="DatabaseLibrary">
<doc>Disconnects from the database.</doc>
<msg timestamp="20230215 16:51:30.831" level="INFO">Executing : Disconnect From Database</msg>
<status status="PASS" starttime="20230215 16:51:30.831" endtime="20230215 16:51:30.831"/>
</kw>
<status status="PASS" starttime="20230215 16:51:30.830" endtime="20230215 16:51:30.832"/>
</kw>
<status status="PASS" starttime="20230215 16:50:58.709" endtime="20230215 16:51:30.832"/>
</kw>
<kw name="TestCase beenden" library="Browser_Open&amp;Close" type="TEARDOWN">
<kw name="Sleep" library="BuiltIn">
<arg>5</arg>
<doc>Pauses the test executed for the given time.</doc>
<msg timestamp="20230215 16:51:35.839" level="INFO">Slept 5 seconds</msg>
<status status="PASS" starttime="20230215 16:51:30.838" endtime="20230215 16:51:35.839"/>
</kw>
<status status="PASS" starttime="20230215 16:51:30.837" endtime="20230215 16:51:35.839"/>
</kw>
<doc>die Idee von diesem Test ist Robot Framework zu erlernen und zu benutzen.</doc>
<tag>Automatisierung</tag>
<status status="PASS" starttime="20230215 16:50:14.859" endtime="20230215 16:51:35.841"/>
</test>
<status status="PASS" starttime="20230215 16:50:14.687" endtime="20230215 16:51:35.844"/>
</suite>
<statistics>
<total>
<stat pass="1" fail="0" skip="0">All Tests</stat>
</total>
<tag>
<stat pass="1" fail="0" skip="0">Automatisierung</stat>
</tag>
<suite>
<stat pass="1" fail="0" skip="0" id="s1" name="CHECK24 VW Golf">CHECK24 VW Golf</stat>
</suite>
</statistics>
<errors>
</errors>
</robot>
