<?xml version="1.0" encoding="UTF-8"?>
<robot generator="Robot 6.0.2 (Python 3.11.1 on win32)" generated="20230227 13:37:47.234" rpa="false" schemaversion="3">
<suite id="s1" name="Suites">
<suite id="s1-s1" name="Test" source="C:\Users\ffadel\PycharmProjects\Check24\TestCases\test.robot">
<test id="s1-s1-t1" name="Send Angebote zu Datenbank" line="23">
<kw name="Connect DB">
<kw name="Connect To Database">
<arg>pymysql</arg>
<arg>${database}</arg>
<arg>${user}</arg>
<arg>${password}</arg>
<arg>${host}</arg>
<arg>${port}</arg>
<msg timestamp="20230227 13:37:47.356" level="FAIL">No keyword with name 'Connect To Database' found.</msg>
<status status="FAIL" starttime="20230227 13:37:47.356" endtime="20230227 13:37:47.357"/>
</kw>
<status status="FAIL" starttime="20230227 13:37:47.354" endtime="20230227 13:37:47.357"/>
</kw>
<kw name="Execute SQL String">
<arg>delete from Versicherung;</arg>
<status status="NOT RUN" starttime="20230227 13:37:47.359" endtime="20230227 13:37:47.359"/>
</kw>
<kw name="Disconnect DB">
<status status="NOT RUN" starttime="20230227 13:37:47.359" endtime="20230227 13:37:47.359"/>
</kw>
<status status="FAIL" starttime="20230227 13:37:47.354" endtime="20230227 13:37:47.359">No keyword with name 'Connect To Database' found.</status>
</test>
<status status="FAIL" starttime="20230227 13:37:47.249" endtime="20230227 13:37:47.368"/>
</suite>
<status status="FAIL" starttime="20230227 13:37:47.239" endtime="20230227 13:37:47.368"/>
</suite>
<statistics>
<total>
<stat pass="0" fail="1" skip="0">All Tests</stat>
</total>
<tag>
</tag>
<suite>
<stat pass="0" fail="1" skip="0" id="s1" name="Suites">Suites</stat>
<stat pass="0" fail="1" skip="0" id="s1-s1" name="Test">Suites.Test</stat>
</suite>
</statistics>
<errors>
<msg timestamp="20230227 13:37:47.349" level="ERROR">Error in file 'C:\Users\ffadel\PycharmProjects\Check24\TestCases\test.robot' on line 3: Importing library 'DatabaseLibrary' failed: ModuleNotFoundError: No module named 'DatabaseLibrary'
Traceback (most recent call last):
  None
PYTHONPATH:
  C:\Python\Scripts\robot.exe
  C:\Python\python311.zip
  C:\Python\Lib
  C:\Python\DLLs
  C:\Python
  C:\Python\Lib\site-packages</msg>
</errors>
</robot>
